https://www.alibaba.com/product-detail/2024-Energy-Monitor-Solar-Energy-Meter_10000016688215.html
https://www.alibaba.com/product-detail/2024-Smart-Home-Energy-Monitor-with_10000016790176.html
https://www.alibaba.com/product-detail/2024-ZigBee-Smart-Plug-Electricity-Monitoring_10000016791057.html
https://www.alibaba.com/product-detail/3-Phase-Ethernet-Energy-Meter-for_1601839477355.html
https://www.alibaba.com/product-detail/Home-Automation-Energy-Monitoring-Socket-Outlet_1600154764102.html
https://www.alibaba.com/product-detail/Home-Energy-Monitor-Solar-Energy-Net_1601044409004.html
https://www.alibaba.com/product-detail/In-Wall-EU-Standard-Touch-Screen_1600154605643.html
https://www.alibaba.com/product-detail/OWON-LC421-Zigbee-Controller-for-Single_60691429744.html
https://www.alibaba.com/product-detail/OWON-PC311-TY-Smart-Energy-Monitor_10000012228141.html
https://www.alibaba.com/product-detail/OWON-PC311-WiFi-Energy-Meter-Clamp_10000042149595.html
https://www.alibaba.com/product-detail/OWON-PC321-Smart-Energy-Meter-WiFi_11000035230354.html
https://www.alibaba.com/product-detail/OWON-PC473-Smart-Energy-Monitor-Tuya_11000034469268.html
https://www.alibaba.com/product-detail/OWON-Smart-Energy-Meter-RS485-Modbus_10000044888450.html
https://www.alibaba.com/product-detail/OWON-Smart-Energy-Meter-Three-Phase_1601842689291.html
https://www.alibaba.com/product-detail/OWON-Smart-Energy-Meter-WiFi-Ethernet_1601844569277.html
https://www.alibaba.com/product-detail/OWON-Smart-Energy-Meter-WiFi-TUYA_1601655658577.html
https://www.alibaba.com/product-detail/OWON-Smart-Energy-Meter-WiFi-Three_1601883189098.html
https://www.alibaba.com/product-detail/OWON-Smart-Energy-Meter-WiFi-Tuya_1601842994549.html
https://www.alibaba.com/product-detail/OWON-Smart-Energy-Monitor-Wifi-Tuya_10000016745270.html
https://www.alibaba.com/product-detail/OWON-Smart-Power-Clamp-Meter-Din_11000015617106.html
https://www.alibaba.com/product-detail/OWON-Smart-Power-Clamp-Meter-Wifi_10000016748241.html
https://www.alibaba.com/product-detail/OWON-WIFI-120A-Three-phase-Clamp_10000016756157.html
https://www.alibaba.com/product-detail/OWON-WiFi-200A-Three-Phase-Multi_10000016741345.html
https://www.alibaba.com/product-detail/OWON-Wireless-Programmable-Thermostat-24Vac-HVAC_1600155573180.html
https://www.alibaba.com/product-detail/OWON-Zigbee-3-0-2-4GHz_10000016727984.html
https://www.alibaba.com/product-detail/OWON-Zigbee-3-Phase-Energy-Meter_11000034341480.html
https://www.alibaba.com/product-detail/RS485-Smart-Energy-Meter-Three-Phase_1601842655752.html
https://www.alibaba.com/product-detail/Remote-Heavy-Duty-Load-Power-Zigbee_60653926277.html
https://www.alibaba.com/product-detail/Smart-Din-Rail-Double-Pole-Meter_1600094024267.html
https://www.alibaba.com/product-detail/Smart-Din-Rail-Double-Pole-Meter_1600155536242.html
https://www.alibaba.com/product-detail/Smart-Energy-Meter-RS485-Modbus-RTU_1601828936481.html
https://www.alibaba.com/product-detail/Smart-Energy-Meter-Single-Three-Phase_1601786837407.html
https://www.alibaba.com/product-detail/Smart-Home-Automation-Remote-Heavy-Duty_1600158680796.html
https://www.alibaba.com/product-detail/Smart-Power-Meter-Tuya-WiFi-Three_11000035420833.html
https://www.alibaba.com/product-detail/Smart-Power-Two-Outlet-Receptacle-Zigbee_1600161080156.html
https://www.alibaba.com/product-detail/Smart-Solar-Power-Monitoring-Meter-Three_1601822212724.html
https://www.alibaba.com/product-detail/Smart-Three-Phase-Home-Energy-Monitor_10000016730854.html
https://www.alibaba.com/product-detail/Smart-Three-phase-200A-Clamp-Meter_1600156712423.html
https://www.alibaba.com/product-detail/TUYA-Three-phase-Wifi-Clamp-Measuring_1600411900839.html
https://www.alibaba.com/product-detail/Three-phase-Clamp-Energy-Monitor-Smart_1600342097023.html
https://www.alibaba.com/product-detail/Tuya-Energy-Meter-WiFi-80A-1000A_1600286807487.html
https://www.alibaba.com/product-detail/Tuya-Energy-Meter-Wifi-Multi-Clamps_1601591555875.html
https://www.alibaba.com/product-detail/Tuya-PC321-WiFi-Electricity-Meter-Three_11000034176585.html
https://www.alibaba.com/product-detail/Tuya-Single-Phase-Clamp-Energy-Meter_1600859122671.html
https://www.alibaba.com/product-detail/Tuya-Smart-Energy-Meter-3-Phase_1601604043428.html
https://www.alibaba.com/product-detail/Tuya-Smart-Energy-Meter-WiFi-200A_1601605466869.html
https://www.alibaba.com/product-detail/Tuya-Smart-Energy-Meter-WiFi-80_1600189826267.html
https://www.alibaba.com/product-detail/Tuya-Smart-Energy-Meter-WiFi-PC311_1601603169911.html
https://www.alibaba.com/product-detail/Tuya-Smart-Energy-Meter-WiFi-Three_11000033374506.html
https://www.alibaba.com/product-detail/Tuya-Smart-Power-Clamp-Meter-Dinrail_11000015610125.html
https://www.alibaba.com/product-detail/Tuya-Smart-Power-Clamp-Meter-WiFi_10000014434463.html
https://www.alibaba.com/product-detail/Tuya-Smart-Power-Clamp-Meter-WiFi_10000017393795.html
https://www.alibaba.com/product-detail/Tuya-Smart-Power-Clamp-Meter-Wifi_10000014749457.html
https://www.alibaba.com/product-detail/Tuya-Smart-Power-Clamp-Meter-Wifi_10000015380302.html
https://www.alibaba.com/product-detail/Tuya-Smart-Power-Clamp-Meter-Wifi_10000016658495.html
https://www.alibaba.com/product-detail/Tuya-Smart-Power-Clamp-Meter-Wifi_11000015563261.html
https://www.alibaba.com/product-detail/Tuya-Smart-Power-Clamp-Meter-Wifi_11000015585223.html
https://www.alibaba.com/product-detail/Tuya-Smart-Power-Clamp-Meter-Wifi_11000015588176.html
https://www.alibaba.com/product-detail/Tuya-Smart-Power-Clamp-Meter-Wifi_1600279009163.html
https://www.alibaba.com/product-detail/Tuya-Smart-Single-Phase-Power-Clamp_11000015459133.html
https://www.alibaba.com/product-detail/Tuya-Smart-Single-Phase-Power-Clamp_11000015556332.html
https://www.alibaba.com/product-detail/Tuya-Smart-Single-Phase-Power-Clamp_11000015578266.html
https://www.alibaba.com/product-detail/Tuya-Smart-Single-Phase-Power-Clamp_11000015609146.html
https://www.alibaba.com/product-detail/Tuya-Smart-Single-Phase-Power-Clamp_11000015614099.html
https://www.alibaba.com/product-detail/Tuya-Smart-Single-Three-Phase-Energy_1601602408802.html
https://www.alibaba.com/product-detail/Tuya-Smart-Stromzange-Zigbee-Smart-Energy_10000016758015.html
https://www.alibaba.com/product-detail/Tuya-Smart-Three-Phase-Energy-Meter_1601044396059.html
https://www.alibaba.com/product-detail/Tuya-Smart-Three-phase-Power-Clamp_10000014689052.html
https://www.alibaba.com/product-detail/Tuya-Smart-Three-phase-Power-Clamp_10000014792022.html
https://www.alibaba.com/product-detail/Tuya-Solar-Energy-Meter-Smart-WiFi_11000033341591.html
https://www.alibaba.com/product-detail/Tuya-WiFI-Smart-Power-Meter-with_11000015399978.html
https://www.alibaba.com/product-detail/Tuya-WiFi-200A-Clamp-Energy-Meter_1600159019695.html
https://www.alibaba.com/product-detail/Tuya-WiFi-Din-rail-High-Power_1600135706356.html
https://www.alibaba.com/product-detail/Tuya-WiFi-Energy-Monitor-with-16A_1601825737579.html
https://www.alibaba.com/product-detail/Tuya-WiFi-Ethernet-Smart-Energy-Meter_1601844523876.html
https://www.alibaba.com/product-detail/Tuya-WiFi-Meter-Single-Phase-Clamp_10000016738306.html
https://www.alibaba.com/product-detail/Tuya-WiFi-Power-Meter-Smart-for_11000033453565.html
https://www.alibaba.com/product-detail/Tuya-WiFi-Single-Three-Phase-Smart_11000033390462.html
https://www.alibaba.com/product-detail/Tuya-WiFi-Smart-Din-Rail-Electromagnetic_1600342641771.html
https://www.alibaba.com/product-detail/Tuya-WiFi-Smart-Energy-Clamp-Meter_1601278699349.html
https://www.alibaba.com/product-detail/Tuya-WiFi-Smart-Energy-Meter-Three_1601843113090.html
https://www.alibaba.com/product-detail/Tuya-WiFi-Smart-Energy-Meter-Three_1601844415892.html
https://www.alibaba.com/product-detail/Tuya-WiFi-Smart-Energy-Meter-with_10000014739076.html
https://www.alibaba.com/product-detail/Tuya-WiFi-Smart-Energy-Monitor-Split_11000033493495.html
https://www.alibaba.com/product-detail/Tuya-WiFi-Smart-Power-Meter-750A_1600135807669.html
https://www.alibaba.com/product-detail/Tuya-WiFi-Solar-CT-Clamp-Meter_11000033329579.html
https://www.alibaba.com/product-detail/Tuya-WiFi-Solar-Energy-Meter-with_11000033394536.html
https://www.alibaba.com/product-detail/Tuya-WiFi-Solar-Energy-Monitor-Three_11000033375569.html
https://www.alibaba.com/product-detail/Tuya-WiFi-Solar-Inverter-Energy-Meter_11000033359589.html
https://www.alibaba.com/product-detail/Tuya-WiFi-Three-Phase-200A-Multi_10000016504177.html
https://www.alibaba.com/product-detail/WiFi-Smart-Energy-Meter-Three-Phase_11000015536584.html
https://www.alibaba.com/product-detail/WiFi-Smart-Energy-Meter-Three-phase_62173946844.html
https://www.alibaba.com/product-detail/WiFi-Smart-Energy-Meter-Tuya-Energy_10000016756123.html
https://www.alibaba.com/product-detail/WiFi-Tuya-Single-Phase-Smart-Energy_1600859187317.html
https://www.alibaba.com/product-detail/ZigBee-3-0-2-4GHz-Smart_11000033438631.html
https://www.alibaba.com/product-detail/ZigBee-3-0-Smart-Plug-Energy_1600158974763.html
https://www.alibaba.com/product-detail/ZigBee-3-0-Smart-Plug-with_1600159001741.html
https://www.alibaba.com/product-detail/ZigBee-32A-Din-Rail-Relay-Energy_1600322300223.html
https://www.alibaba.com/product-detail/ZigBee-500A-Three-phase-Clamp-Meter_1600270068980.html
https://www.alibaba.com/product-detail/ZigBee-Single-Phase-Power-Meter-with_10000035699875.html
https://www.alibaba.com/product-detail/ZigBee-Smart-Plug-Electricity-Monitoring-with_10000016753197.html
https://www.alibaba.com/product-detail/ZigBee-Three-phase-300A-Power-Clamp_1600154274695.html
https://www.alibaba.com/product-detail/ZigBee3-0-Three-phase-80-1000A_62474911502.html
https://www.alibaba.com/product-detail/Zigbee-120A-Three-phase-Clamp-Meter_1600159013969.html
https://www.alibaba.com/product-detail/Zigbee-2-4GHz-63A-Miniature-Energy_1601268391345.html
https://www.alibaba.com/product-detail/Zigbee-Energy-Meter-Three-Phase-80A_1600157425583.html
https://www.alibaba.com/product-detail/Zigbee-Smart-Socket-Plug-with-Energy_1600478070148.html
https://www.alibaba.com/product-detail/Zigbee-Smart-Three-phase-Clamp-Energy_1600156509357.html
